21:03:48.579 | V |                      | ArgumentsFromParametersFile.OnBuildCreated (150)
21:03:48.602 | V |                      | HandleReSharperSurrogateArguments.OnBuildCreated (150)
21:03:48.603 | V |                      | InjectParameterValues.OnBuildCreated (100)
21:03:48.623 | V |                      | HandleShellCompletion.OnBuildCreated (75)
21:03:49.134 | V |                      | GenerateBuildServerConfigurations.OnBuildCreated (50)
21:03:49.135 | V |                      | InvokeBuildServerConfigurationGeneration.OnBuildCreated (45)
21:03:49.156 | V |                      | UpdateNotification.OnBuildCreated (10)
21:03:49.157 | V |                      | UnsetVisualStudioEnvironmentVariables.OnBuildCreated (0)
21:03:49.157 | V |                      | HandleVisualStudioDebugging.OnBuildCreated (0)
21:03:49.158 | V |                      | EventInvoker.OnBuildCreated (-3.4028235E+38)
21:03:49.180 | V |                      | HandlePlanRequests.OnBuildInitialized (10)
21:03:49.180 | V |                      | HandleHelpRequests.OnBuildInitialized (5)
21:03:49.181 | V |                      | Telemetry.OnBuildInitialized (0)
21:03:50.135 | V |                      | Sending BuildStarted telemetry event ...
21:03:50.137 | V |                      |   build_components         = 
21:03:50.137 | V |                      |   build_type               = Project
21:03:50.137 | V |                      |   compile_time             = 10
21:03:50.137 | V |                      |   config_generators        = 
21:03:50.137 | V |                      |   host                     = Rider
21:03:50.137 | V |                      |   num_custom_components    = 0
21:03:50.137 | V |                      |   num_custom_extensions    = 0
21:03:50.137 | V |                      |   num_partitioned_targets  = 0
21:03:50.137 | V |                      |   num_secrets              = 0
21:03:50.137 | V |                      |   num_targets              = 4
21:03:50.137 | V |                      |   os_architecture          = X64
21:03:50.137 | V |                      |   os_platform              = Windows
21:03:50.137 | V |                      |   target_framework         = .NETCoreApp,Version=v9.0
21:03:50.137 | V |                      |   version_dotnet_sdk       = 9.0.101
21:03:50.137 | V |                      |   version_nuke_common      = 9.0.3
21:03:50.137 | V |                      |   version_nuke_global_tool = 9.0.3
21:03:50.443 | V |                      | InjectNonParameterValues.OnBuildInitialized (-100)
21:03:50.461 | V |                      | EventInvoker.OnBuildInitialized (-3.4028235E+38)
21:03:50.481 | V | PublishMobile        | EventInvoker.OnTargetRunning (-3.4028235E+38)
21:03:50.512 | I | PublishMobile        | > "C:\Program Files\dotnet\dotnet.exe" publish I:\Programs\CSharp\LiftLedger\src\LiftLedger.Mobile\LiftLedger.Mobile.csproj --framework net9.0-android
21:03:50.521 | V | PublishMobile        | @ I:\Programs\CSharp\LiftLedger
21:03:51.451 | D | PublishMobile        |   Determining projects to restore...
21:03:52.194 | D | PublishMobile        |   Restored I:\Programs\CSharp\LiftLedger\src\LiftLedger.Mobile\LiftLedger.Mobile.csproj (in 455 ms).
21:04:07.579 | D | PublishMobile        |   LiftLedger.Mobile -> I:\Programs\CSharp\LiftLedger\src\LiftLedger.Mobile\bin\Release\net9.0-android\LiftLedger.Mobile.dll
21:04:08.059 | D | PublishMobile        |   Optimizing assemblies for size may change the behavior of the app. Be sure to test after publishing. See: https://aka.ms/dotnet-illink
21:04:08.059 | D | PublishMobile        |   Optimizing assemblies for size. This process might take a while.
21:04:11.277 | D | PublishMobile        |   Optimizing assemblies for size may change the behavior of the app. Be sure to test after publishing. See: https://aka.ms/dotnet-illink
21:04:11.286 | D | PublishMobile        |   Optimizing assemblies for size. This process might take a while.
21:04:27.614 | D | PublishMobile        |   [1/84] _Microsoft.Android.Resource.Designer.dll -> _Microsoft.Android.Resource.Designer.dll.so
21:04:27.615 | D | PublishMobile        |   [2/84] Microsoft.Extensions.Logging.dll -> Microsoft.Extensions.Logging.dll.so
21:04:27.840 | D | PublishMobile        |   [4/84] LiftLedger.Mobile.dll -> LiftLedger.Mobile.dll.so
21:04:27.841 | D | PublishMobile        |   [3/84] Microsoft.Extensions.Logging.Abstractions.dll -> Microsoft.Extensions.Logging.Abstractions.dll.so
21:04:27.842 | D | PublishMobile        |   [5/84] Microsoft.Extensions.Configuration.Abstractions.dll -> Microsoft.Extensions.Configuration.Abstractions.dll.so
21:04:27.844 | D | PublishMobile        |   [6/84] Microsoft.Extensions.Primitives.dll -> Microsoft.Extensions.Primitives.dll.so
21:04:27.848 | D | PublishMobile        |   [7/84] Microsoft.Extensions.Configuration.dll -> Microsoft.Extensions.Configuration.dll.so
21:04:27.851 | D | PublishMobile        |   [8/84] Microsoft.Extensions.DependencyInjection.dll -> Microsoft.Extensions.DependencyInjection.dll.so
21:04:27.851 | D | PublishMobile        |   [9/84] Microsoft.Extensions.DependencyInjection.Abstractions.dll -> Microsoft.Extensions.DependencyInjection.Abstractions.dll.so
21:04:27.857 | D | PublishMobile        |   [10/84] Microsoft.Extensions.Options.dll -> Microsoft.Extensions.Options.dll.so
21:04:28.308 | D | PublishMobile        |   [11/84] Microsoft.Maui.Controls.Xaml.dll -> Microsoft.Maui.Controls.Xaml.dll.so
21:04:28.343 | D | PublishMobile        |   [1/84] _Microsoft.Android.Resource.Designer.dll -> _Microsoft.Android.Resource.Designer.dll.so
21:04:28.358 | D | PublishMobile        |   [12/84] Microsoft.Maui.Essentials.dll -> Microsoft.Maui.Essentials.dll.so
21:04:28.361 | D | PublishMobile        |   [13/84] Xamarin.AndroidX.AppCompat.AppCompatResources.dll -> Xamarin.AndroidX.AppCompat.AppCompatResources.dll.so
21:04:29.169 | D | PublishMobile        |   [2/84] LiftLedger.Mobile.dll -> LiftLedger.Mobile.dll.so
21:04:29.177 | D | PublishMobile        |   [3/84] Microsoft.Extensions.Configuration.dll -> Microsoft.Extensions.Configuration.dll.so
21:04:29.180 | D | PublishMobile        |   [14/84] Microsoft.Maui.Graphics.dll -> Microsoft.Maui.Graphics.dll.so
21:04:29.180 | D | PublishMobile        |   [15/84] Xamarin.AndroidX.Collection.Jvm.dll -> Xamarin.AndroidX.Collection.Jvm.dll.so
21:04:29.379 | D | PublishMobile        |   [4/84] Microsoft.Extensions.Configuration.Abstractions.dll -> Microsoft.Extensions.Configuration.Abstractions.dll.so
21:04:29.391 | D | PublishMobile        |   [16/84] Xamarin.AndroidX.CardView.dll -> Xamarin.AndroidX.CardView.dll.so
21:04:29.400 | D | PublishMobile        |   [17/84] Xamarin.AndroidX.CoordinatorLayout.dll -> Xamarin.AndroidX.CoordinatorLayout.dll.so
21:04:29.403 | D | PublishMobile        |   [18/84] Microsoft.Maui.dll -> Microsoft.Maui.dll.so
21:04:29.404 | D | PublishMobile        |   [19/84] Xamarin.AndroidX.Activity.dll -> Xamarin.AndroidX.Activity.dll.so
21:04:29.408 | D | PublishMobile        |   [20/84] Xamarin.AndroidX.AppCompat.dll -> Xamarin.AndroidX.AppCompat.dll.so
21:04:29.747 | D | PublishMobile        |   [21/84] Xamarin.AndroidX.CursorAdapter.dll -> Xamarin.AndroidX.CursorAdapter.dll.so
21:04:29.780 | D | PublishMobile        |   [22/84] Xamarin.AndroidX.Core.dll -> Xamarin.AndroidX.Core.dll.so
21:04:29.834 | D | PublishMobile        |   [23/84] Xamarin.AndroidX.CustomView.dll -> Xamarin.AndroidX.CustomView.dll.so
21:04:29.889 | D | PublishMobile        |   [24/84] Xamarin.AndroidX.Lifecycle.LiveData.Core.dll -> Xamarin.AndroidX.Lifecycle.LiveData.Core.dll.so
21:04:29.918 | D | PublishMobile        |   [25/84] Xamarin.AndroidX.DrawerLayout.dll -> Xamarin.AndroidX.DrawerLayout.dll.so
21:04:30.079 | D | PublishMobile        |   [5/84] Microsoft.Extensions.DependencyInjection.dll -> Microsoft.Extensions.DependencyInjection.dll.so
21:04:30.120 | D | PublishMobile        |   [26/84] Xamarin.AndroidX.Fragment.dll -> Xamarin.AndroidX.Fragment.dll.so
21:04:30.166 | D | PublishMobile        |   [27/84] Xamarin.AndroidX.Lifecycle.Common.Jvm.dll -> Xamarin.AndroidX.Lifecycle.Common.Jvm.dll.so
21:04:30.309 | D | PublishMobile        |   [28/84] Xamarin.AndroidX.Lifecycle.ViewModelSavedState.dll -> Xamarin.AndroidX.Lifecycle.ViewModelSavedState.dll.so
21:04:30.351 | D | PublishMobile        |   [29/84] Xamarin.AndroidX.Loader.dll -> Xamarin.AndroidX.Loader.dll.so
21:04:30.404 | D | PublishMobile        |   [30/84] Xamarin.AndroidX.Lifecycle.ViewModel.Android.dll -> Xamarin.AndroidX.Lifecycle.ViewModel.Android.dll.so
21:04:30.556 | D | PublishMobile        |   [31/84] Xamarin.AndroidX.Navigation.Common.dll -> Xamarin.AndroidX.Navigation.Common.dll.so
21:04:30.570 | D | PublishMobile        |   [32/84] Xamarin.AndroidX.Navigation.Fragment.dll -> Xamarin.AndroidX.Navigation.Fragment.dll.so
21:04:30.688 | D | PublishMobile        |   [33/84] Xamarin.AndroidX.Navigation.UI.dll -> Xamarin.AndroidX.Navigation.UI.dll.so
21:04:30.736 | D | PublishMobile        |   [34/84] Xamarin.AndroidX.Navigation.Runtime.dll -> Xamarin.AndroidX.Navigation.Runtime.dll.so
21:04:30.759 | D | PublishMobile        |   [6/84] Microsoft.Extensions.DependencyInjection.Abstractions.dll -> Microsoft.Extensions.DependencyInjection.Abstractions.dll.so
21:04:30.822 | D | PublishMobile        |   [35/84] Xamarin.AndroidX.SwipeRefreshLayout.dll -> Xamarin.AndroidX.SwipeRefreshLayout.dll.so
21:04:30.933 | D | PublishMobile        |   [36/84] Xamarin.AndroidX.RecyclerView.dll -> Xamarin.AndroidX.RecyclerView.dll.so
21:04:30.948 | D | PublishMobile        |   [37/84] Xamarin.AndroidX.SavedState.dll -> Xamarin.AndroidX.SavedState.dll.so
21:04:31.051 | D | PublishMobile        |   [38/84] Xamarin.AndroidX.ViewPager.dll -> Xamarin.AndroidX.ViewPager.dll.so
21:04:31.064 | D | PublishMobile        |   [39/84] Xamarin.AndroidX.ViewPager2.dll -> Xamarin.AndroidX.ViewPager2.dll.so
21:04:31.140 | D | PublishMobile        |   [40/84] Xamarin.Kotlin.StdLib.dll -> Xamarin.Kotlin.StdLib.dll.so
21:04:31.243 | D | PublishMobile        |   [41/84] Xamarin.KotlinX.Coroutines.Core.Jvm.dll -> Xamarin.KotlinX.Coroutines.Core.Jvm.dll.so
21:04:31.268 | D | PublishMobile        |   [7/84] Microsoft.Extensions.Logging.dll -> Microsoft.Extensions.Logging.dll.so
21:04:31.373 | D | PublishMobile        |   [42/84] Xamarin.Google.Android.Material.dll -> Xamarin.Google.Android.Material.dll.so
21:04:31.450 | D | PublishMobile        |   [43/84] System.Collections.Specialized.dll -> System.Collections.Specialized.dll.so
21:04:31.481 | D | PublishMobile        |   [44/84] System.Collections.NonGeneric.dll -> System.Collections.NonGeneric.dll.so
21:04:31.502 | D | PublishMobile        |   [45/84] Xamarin.KotlinX.Serialization.Core.Jvm.dll -> Xamarin.KotlinX.Serialization.Core.Jvm.dll.so
21:04:31.567 | D | PublishMobile        |   [46/84] System.Collections.Concurrent.dll -> System.Collections.Concurrent.dll.so
21:04:31.668 | D | PublishMobile        |   [47/84] System.ComponentModel.Primitives.dll -> System.ComponentModel.Primitives.dll.so
21:04:31.739 | D | PublishMobile        |   [8/84] Microsoft.Extensions.Logging.Abstractions.dll -> Microsoft.Extensions.Logging.Abstractions.dll.so
21:04:31.750 | D | PublishMobile        |   [48/84] System.Collections.dll -> System.Collections.dll.so
21:04:31.786 | D | PublishMobile        |   [49/84] System.ComponentModel.TypeConverter.dll -> System.ComponentModel.TypeConverter.dll.so
21:04:31.810 | D | PublishMobile        |   [50/84] Microsoft.Maui.Controls.dll -> Microsoft.Maui.Controls.dll.so
21:04:31.876 | D | PublishMobile        |   [51/84] System.Console.dll -> System.Console.dll.so
21:04:31.938 | D | PublishMobile        |   [52/84] System.ComponentModel.dll -> System.ComponentModel.dll.so
21:04:32.020 | D | PublishMobile        |   [53/84] System.Diagnostics.DiagnosticSource.dll -> System.Diagnostics.DiagnosticSource.dll.so
21:04:32.051 | D | PublishMobile        |   [54/84] System.Formats.Asn1.dll -> System.Formats.Asn1.dll.so
21:04:32.132 | D | PublishMobile        |   [55/84] System.IO.Compression.Brotli.dll -> System.IO.Compression.Brotli.dll.so
21:04:32.150 | D | PublishMobile        |   [56/84] System.IO.Pipelines.dll -> System.IO.Pipelines.dll.so
21:04:32.166 | D | PublishMobile        |   [57/84] System.IO.Compression.dll -> System.IO.Compression.dll.so
21:04:32.318 | D | PublishMobile        |   [9/84] Microsoft.Extensions.Options.dll -> Microsoft.Extensions.Options.dll.so
21:04:32.379 | D | PublishMobile        |   [58/84] System.Net.Primitives.dll -> System.Net.Primitives.dll.so
21:04:32.528 | D | PublishMobile        |   [59/84] System.Numerics.Vectors.dll -> System.Numerics.Vectors.dll.so
21:04:32.529 | D | PublishMobile        |   [60/84] System.ObjectModel.dll -> System.ObjectModel.dll.so
21:04:32.623 | D | PublishMobile        |   [10/84] Microsoft.Extensions.Primitives.dll -> Microsoft.Extensions.Primitives.dll.so
21:04:32.626 | D | PublishMobile        |   [61/84] System.Linq.dll -> System.Linq.dll.so
21:04:32.627 | D | PublishMobile        |   [62/84] System.Net.Requests.dll -> System.Net.Requests.dll.so
21:04:32.627 | D | PublishMobile        |   [63/84] System.Memory.dll -> System.Memory.dll.so
21:04:32.627 | D | PublishMobile        |   [64/84] System.Net.Http.dll -> System.Net.Http.dll.so
21:04:32.905 | D | PublishMobile        |   [65/84] System.Runtime.Numerics.dll -> System.Runtime.Numerics.dll.so
21:04:33.009 | D | PublishMobile        |   [66/84] System.Runtime.dll -> System.Runtime.dll.so
21:04:33.011 | D | PublishMobile        |   [67/84] System.Private.Uri.dll -> System.Private.Uri.dll.so
21:04:33.013 | D | PublishMobile        |   [70/84] System.Runtime.Loader.dll -> System.Runtime.Loader.dll.so
21:04:33.013 | D | PublishMobile        |   [68/84] System.Private.Xml.dll -> System.Private.Xml.dll.so
21:04:33.013 | D | PublishMobile        |   [69/84] System.Runtime.InteropServices.dll -> System.Runtime.InteropServices.dll.so
21:04:33.017 | D | PublishMobile        |   [71/84] System.Linq.Expressions.dll -> System.Linq.Expressions.dll.so
21:04:33.124 | D | PublishMobile        |   [72/84] System.Security.Cryptography.dll -> System.Security.Cryptography.dll.so
21:04:33.228 | D | PublishMobile        |   [73/84] System.Text.Encodings.Web.dll -> System.Text.Encodings.Web.dll.so
21:04:33.421 | D | PublishMobile        |   [74/84] System.Threading.dll -> System.Threading.dll.so
21:04:33.456 | D | PublishMobile        |   [75/84] System.dll -> System.dll.so
21:04:33.458 | D | PublishMobile        |   [76/84] System.Web.HttpUtility.dll -> System.Web.HttpUtility.dll.so
21:04:33.542 | D | PublishMobile        |   [77/84] System.Text.RegularExpressions.dll -> System.Text.RegularExpressions.dll.so
21:04:33.743 | D | PublishMobile        |   [78/84] Mono.Android.Runtime.dll -> Mono.Android.Runtime.dll.so
21:04:33.743 | D | PublishMobile        |   [79/84] System.Xml.ReaderWriter.dll -> System.Xml.ReaderWriter.dll.so
21:04:33.745 | D | PublishMobile        |   [80/84] Java.Interop.dll -> Java.Interop.dll.so
21:04:34.043 | D | PublishMobile        |   [81/84] System.Threading.Thread.dll -> System.Threading.Thread.dll.so
21:04:34.099 | D | PublishMobile        |   [82/84] System.Text.Json.dll -> System.Text.Json.dll.so
21:04:34.564 | D | PublishMobile        |   [83/84] Mono.Android.dll -> Mono.Android.dll.so
21:04:35.149 | D | PublishMobile        |   [11/84] Microsoft.Maui.Controls.dll -> Microsoft.Maui.Controls.dll.so
21:04:35.385 | D | PublishMobile        |   [12/84] Microsoft.Maui.Controls.Xaml.dll -> Microsoft.Maui.Controls.Xaml.dll.so
21:04:36.334 | D | PublishMobile        |   [13/84] Microsoft.Maui.dll -> Microsoft.Maui.dll.so
21:04:36.544 | D | PublishMobile        |   [84/84] System.Private.CoreLib.dll -> System.Private.CoreLib.dll.so
21:04:36.606 | D | PublishMobile        |   [14/84] Microsoft.Maui.Essentials.dll -> Microsoft.Maui.Essentials.dll.so
21:04:36.920 | D | PublishMobile        |   [15/84] Microsoft.Maui.Graphics.dll -> Microsoft.Maui.Graphics.dll.so
21:04:37.079 | D | PublishMobile        |   [16/84] Xamarin.AndroidX.Activity.dll -> Xamarin.AndroidX.Activity.dll.so
21:04:37.296 | D | PublishMobile        |   [17/84] Xamarin.AndroidX.AppCompat.dll -> Xamarin.AndroidX.AppCompat.dll.so
21:04:37.451 | D | PublishMobile        |   [18/84] Xamarin.AndroidX.AppCompat.AppCompatResources.dll -> Xamarin.AndroidX.AppCompat.AppCompatResources.dll.so
21:04:37.604 | D | PublishMobile        |   [19/84] Xamarin.AndroidX.CardView.dll -> Xamarin.AndroidX.CardView.dll.so
21:04:37.753 | D | PublishMobile        |   [20/84] Xamarin.AndroidX.Collection.Jvm.dll -> Xamarin.AndroidX.Collection.Jvm.dll.so
21:04:37.915 | D | PublishMobile        |   [21/84] Xamarin.AndroidX.CoordinatorLayout.dll -> Xamarin.AndroidX.CoordinatorLayout.dll.so
21:04:38.109 | D | PublishMobile        |   [22/84] Xamarin.AndroidX.Core.dll -> Xamarin.AndroidX.Core.dll.so
21:04:38.257 | D | PublishMobile        |   [23/84] Xamarin.AndroidX.CursorAdapter.dll -> Xamarin.AndroidX.CursorAdapter.dll.so
21:04:38.409 | D | PublishMobile        |   [24/84] Xamarin.AndroidX.CustomView.dll -> Xamarin.AndroidX.CustomView.dll.so
21:04:38.582 | D | PublishMobile        |   [25/84] Xamarin.AndroidX.DrawerLayout.dll -> Xamarin.AndroidX.DrawerLayout.dll.so
21:04:38.778 | D | PublishMobile        |   [26/84] Xamarin.AndroidX.Fragment.dll -> Xamarin.AndroidX.Fragment.dll.so
21:04:38.935 | D | PublishMobile        |   [27/84] Xamarin.AndroidX.Lifecycle.Common.Jvm.dll -> Xamarin.AndroidX.Lifecycle.Common.Jvm.dll.so
21:04:39.088 | D | PublishMobile        |   [28/84] Xamarin.AndroidX.Lifecycle.LiveData.Core.dll -> Xamarin.AndroidX.Lifecycle.LiveData.Core.dll.so
21:04:39.237 | D | PublishMobile        |   [29/84] Xamarin.AndroidX.Lifecycle.ViewModel.Android.dll -> Xamarin.AndroidX.Lifecycle.ViewModel.Android.dll.so
21:04:39.384 | D | PublishMobile        |   [30/84] Xamarin.AndroidX.Lifecycle.ViewModelSavedState.dll -> Xamarin.AndroidX.Lifecycle.ViewModelSavedState.dll.so
21:04:39.533 | D | PublishMobile        |   [31/84] Xamarin.AndroidX.Loader.dll -> Xamarin.AndroidX.Loader.dll.so
21:04:39.694 | D | PublishMobile        |   [32/84] Xamarin.AndroidX.Navigation.Common.dll -> Xamarin.AndroidX.Navigation.Common.dll.so
21:04:39.860 | D | PublishMobile        |   [33/84] Xamarin.AndroidX.Navigation.Fragment.dll -> Xamarin.AndroidX.Navigation.Fragment.dll.so
21:04:40.019 | D | PublishMobile        |   [34/84] Xamarin.AndroidX.Navigation.Runtime.dll -> Xamarin.AndroidX.Navigation.Runtime.dll.so
21:04:40.175 | D | PublishMobile        |   [35/84] Xamarin.AndroidX.Navigation.UI.dll -> Xamarin.AndroidX.Navigation.UI.dll.so
21:04:40.358 | D | PublishMobile        |   [36/84] Xamarin.AndroidX.RecyclerView.dll -> Xamarin.AndroidX.RecyclerView.dll.so
21:04:40.503 | D | PublishMobile        |   [37/84] Xamarin.AndroidX.SavedState.dll -> Xamarin.AndroidX.SavedState.dll.so
21:04:40.652 | D | PublishMobile        |   [38/84] Xamarin.AndroidX.SwipeRefreshLayout.dll -> Xamarin.AndroidX.SwipeRefreshLayout.dll.so
21:04:40.805 | D | PublishMobile        |   [39/84] Xamarin.AndroidX.ViewPager.dll -> Xamarin.AndroidX.ViewPager.dll.so
21:04:40.976 | D | PublishMobile        |   [40/84] Xamarin.AndroidX.ViewPager2.dll -> Xamarin.AndroidX.ViewPager2.dll.so
21:04:41.204 | D | PublishMobile        |   [41/84] Xamarin.Google.Android.Material.dll -> Xamarin.Google.Android.Material.dll.so
21:04:41.361 | D | PublishMobile        |   [42/84] Xamarin.Kotlin.StdLib.dll -> Xamarin.Kotlin.StdLib.dll.so
21:04:41.512 | D | PublishMobile        |   [43/84] Xamarin.KotlinX.Coroutines.Core.Jvm.dll -> Xamarin.KotlinX.Coroutines.Core.Jvm.dll.so
21:04:41.663 | D | PublishMobile        |   [44/84] Xamarin.KotlinX.Serialization.Core.Jvm.dll -> Xamarin.KotlinX.Serialization.Core.Jvm.dll.so
21:04:41.897 | D | PublishMobile        |   [45/84] System.Collections.Concurrent.dll -> System.Collections.Concurrent.dll.so
21:04:42.103 | D | PublishMobile        |   [46/84] System.Collections.NonGeneric.dll -> System.Collections.NonGeneric.dll.so
21:04:42.245 | D | PublishMobile        |   [47/84] System.Collections.Specialized.dll -> System.Collections.Specialized.dll.so
21:04:42.457 | D | PublishMobile        |   [48/84] System.Collections.dll -> System.Collections.dll.so
21:04:42.597 | D | PublishMobile        |   [49/84] System.ComponentModel.Primitives.dll -> System.ComponentModel.Primitives.dll.so
21:04:42.739 | D | PublishMobile        |   [50/84] System.ComponentModel.TypeConverter.dll -> System.ComponentModel.TypeConverter.dll.so
21:04:42.875 | D | PublishMobile        |   [51/84] System.ComponentModel.dll -> System.ComponentModel.dll.so
21:04:43.011 | D | PublishMobile        |   [52/84] System.Console.dll -> System.Console.dll.so
21:04:43.182 | D | PublishMobile        |   [53/84] System.Diagnostics.DiagnosticSource.dll -> System.Diagnostics.DiagnosticSource.dll.so
21:04:43.327 | D | PublishMobile        |   [54/84] System.Formats.Asn1.dll -> System.Formats.Asn1.dll.so
21:04:43.463 | D | PublishMobile        |   [55/84] System.IO.Compression.Brotli.dll -> System.IO.Compression.Brotli.dll.so
21:04:43.600 | D | PublishMobile        |   [56/84] System.IO.Compression.dll -> System.IO.Compression.dll.so
21:04:43.735 | D | PublishMobile        |   [57/84] System.IO.Pipelines.dll -> System.IO.Pipelines.dll.so
21:04:44.486 | D | PublishMobile        |   [58/84] System.Linq.Expressions.dll -> System.Linq.Expressions.dll.so
21:04:44.803 | D | PublishMobile        |   [59/84] System.Linq.dll -> System.Linq.dll.so
21:04:44.972 | D | PublishMobile        |   [60/84] System.Memory.dll -> System.Memory.dll.so
21:04:45.343 | D | PublishMobile        |   [61/84] System.Net.Http.dll -> System.Net.Http.dll.so
21:04:45.507 | D | PublishMobile        |   [62/84] System.Net.Primitives.dll -> System.Net.Primitives.dll.so
21:04:45.643 | D | PublishMobile        |   [63/84] System.Net.Requests.dll -> System.Net.Requests.dll.so
21:04:45.786 | D | PublishMobile        |   [64/84] System.Numerics.Vectors.dll -> System.Numerics.Vectors.dll.so
21:04:45.948 | D | PublishMobile        |   [65/84] System.ObjectModel.dll -> System.ObjectModel.dll.so
21:04:46.237 | D | PublishMobile        |   [66/84] System.Private.Uri.dll -> System.Private.Uri.dll.so
21:04:46.498 | D | PublishMobile        |   [67/84] System.Private.Xml.dll -> System.Private.Xml.dll.so
21:04:46.635 | D | PublishMobile        |   [68/84] System.Runtime.InteropServices.dll -> System.Runtime.InteropServices.dll.so
21:04:46.771 | D | PublishMobile        |   [69/84] System.Runtime.Loader.dll -> System.Runtime.Loader.dll.so
21:04:46.941 | D | PublishMobile        |   [70/84] System.Runtime.Numerics.dll -> System.Runtime.Numerics.dll.so
21:04:47.076 | D | PublishMobile        |   [71/84] System.Runtime.dll -> System.Runtime.dll.so
21:04:47.236 | D | PublishMobile        |   [72/84] System.Security.Cryptography.dll -> System.Security.Cryptography.dll.so
21:04:47.403 | D | PublishMobile        |   [73/84] System.Text.Encodings.Web.dll -> System.Text.Encodings.Web.dll.so
21:04:48.181 | D | PublishMobile        |   [74/84] System.Text.Json.dll -> System.Text.Json.dll.so
21:04:48.455 | D | PublishMobile        |   [75/84] System.Text.RegularExpressions.dll -> System.Text.RegularExpressions.dll.so
21:04:48.591 | D | PublishMobile        |   [76/84] System.Threading.Thread.dll -> System.Threading.Thread.dll.so
21:04:48.727 | D | PublishMobile        |   [77/84] System.Threading.dll -> System.Threading.dll.so
21:04:48.866 | D | PublishMobile        |   [78/84] System.Web.HttpUtility.dll -> System.Web.HttpUtility.dll.so
21:04:49.004 | D | PublishMobile        |   [79/84] System.Xml.ReaderWriter.dll -> System.Xml.ReaderWriter.dll.so
21:04:49.138 | D | PublishMobile        |   [80/84] System.dll -> System.dll.so
21:04:49.505 | D | PublishMobile        |   [81/84] Java.Interop.dll -> Java.Interop.dll.so
21:04:49.644 | D | PublishMobile        |   [82/84] Mono.Android.Runtime.dll -> Mono.Android.Runtime.dll.so
21:04:50.526 | D | PublishMobile        |   [83/84] Mono.Android.dll -> Mono.Android.dll.so
21:04:53.265 | D | PublishMobile        |   [84/84] System.Private.CoreLib.dll -> System.Private.CoreLib.dll.so
21:05:47.822 | D | PublishMobile        | 
21:05:47.823 | D | PublishMobile        | Workload updates are available. Run `dotnet workload list` for more information.
21:05:47.863 | V | PublishMobile        | Telemetry.OnTargetSucceeded (0)
21:05:47.863 | V | PublishMobile        | EventInvoker.OnTargetSucceeded (-3.4028235E+38)
21:05:47.874 | V |                      | UpdateNotification.OnBuildFinished (10)
21:05:47.874 | V |                      | SerializeBuildServerState.OnBuildFinished (0)
21:05:47.875 | V |                      | EventInvoker.OnBuildFinished (-3.4028235E+38)
